\BOOKMARK [1][-]{section.1}{\376\377\170\024\172\166\225\356\230\230\116\016\136\372\152\041\122\250\147\072}{}% 1
\BOOKMARK [1][-]{section.2}{\376\377\152\041\127\213\145\164\117\123\147\266\147\204}{}% 2
\BOOKMARK [1][-]{section.3}{\376\377\146\172\200\375\117\123\162\266\140\001\172\172\225\364}{}% 3
\BOOKMARK [2][-]{subsection.3.1}{\376\377\127\060\164\006\171\200\215\113}{section.3}% 4
\BOOKMARK [2][-]{subsection.3.2}{\376\377\215\104\156\220\171\200\215\113\116\016\145\366\116\343\116\367\120\074}{section.3}% 5
\BOOKMARK [2][-]{subsection.3.3}{\376\377\142\200\147\057\154\064\136\163}{section.3}% 6
\BOOKMARK [1][-]{section.4}{\376\377\176\317\155\116\122\250\140\001\152\041\127\213}{}% 7
\BOOKMARK [2][-]{subsection.4.1}{\376\377\121\150\211\201\175\040\165\037\116\247\163\207}{section.4}% 8
\BOOKMARK [2][-]{subsection.4.2}{\376\377\165\037\116\247\121\375\145\160}{section.4}% 9
\BOOKMARK [2][-]{subsection.4.3}{\376\377\215\104\147\054\171\357\175\057}{section.4}% 10
\BOOKMARK [2][-]{subsection.4.4}{\376\377\116\272\123\343\122\250\140\001}{section.4}% 11
\BOOKMARK [1][-]{section.5}{\376\377\215\070\146\023\116\016\153\226\154\021\145\066\166\312}{}% 12
\BOOKMARK [2][-]{subsection.5.1}{\376\377\123\314\217\271\215\070\146\023\145\066\166\312}{section.5}% 13
\BOOKMARK [2][-]{subsection.5.2}{\376\377\153\226\154\021\145\066\166\312}{section.5}% 14
\BOOKMARK [1][-]{section.6}{\376\377\142\200\147\057\217\333\153\145\377\032\142\225\215\104\116\016\142\151\145\143}{}% 15
\BOOKMARK [1][-]{section.7}{\376\377\173\126\165\145\116\343\164\006\174\373\176\337}{}% 16
\BOOKMARK [2][-]{subsection.7.1}{\376\377\122\250\117\134\172\172\225\364}{section.7}% 17
\BOOKMARK [2][-]{subsection.7.2}{\376\377\211\304\122\031\137\017\173\126\165\145\377\010\123\206\123\362\123\237\127\213\127\372\121\306\377\011}{section.7}% 18
\BOOKMARK [2][-]{subsection.7.3}{\376\377\000Q\000-\000L\000e\000a\000r\000n\000i\000n\000g\000\040\173\126\165\145\377\010\147\072\126\150\133\146\116\140\116\343\164\006\377\011}{section.7}% 19
\BOOKMARK [1][-]{section.8}{\376\377\226\217\147\072\142\160\122\250\116\016\123\206\123\362\120\166\161\066\140\047}{}% 20
\BOOKMARK [1][-]{section.9}{\376\377\133\236\232\214\213\276\213\241\377\032\123\315\116\213\133\236\122\006\147\220\150\106\147\266}{}% 21
\BOOKMARK [1][-]{section.10}{\376\377\152\041\142\337\133\236\232\214\116\016\170\024\172\166\123\321\163\260}{}% 22
\BOOKMARK [2][-]{subsection.10.1}{\376\377\133\236\232\214\116\000\377\032\161\144\160\255\215\104\156\220\133\371\135\345\116\032\123\026\215\357\137\204\166\204\137\161\124\315}{section.10}% 23
\BOOKMARK [2][-]{subsection.10.2}{\376\377\133\236\232\214\116\214\377\032\116\034\116\232\121\234\116\032\145\207\146\016\127\010\166\204\174\256\230\337\171\200\215\113\122\006\123\026}{section.10}% 24
\BOOKMARK [2][-]{subsection.10.3}{\376\377\133\236\232\214\116\011\377\032\176\374\124\010\126\375\122\233\172\336\116\211\157\300\122\261\133\371\173\126\165\145\220\011\142\351\166\204\137\161\124\315}{section.10}% 25
\BOOKMARK [2][-]{subsection.10.4}{\376\377\133\236\232\214\126\333\377\032\173\126\165\145\146\377\143\142\123\315\116\213\133\236\040\024\040\024\121\234\116\032\171\200\215\113\200\375\124\046\145\057\144\221\135\345\116\032\123\026\173\126\165\145\377\037}{section.10}% 26
\BOOKMARK [2][-]{subsection.10.5}{\376\377\133\236\232\214\116\224\377\032\116\224\137\072\121\150\211\304\122\031\173\126\165\145\166\204\225\177\147\037\201\352\161\066\127\107\210\141}{section.10}% 27
\BOOKMARK [2][-]{subsection.10.6}{\376\377\133\236\232\214\121\155\377\032\116\011\126\375\000\040\000R\000L\000\040\123\132\137\010\116\055\166\204\173\126\165\145\155\214\163\260\116\016\127\107\210\141\226\167\226\061}{section.10}% 28
\BOOKMARK [1][-]{section.11}{\376\377\134\100\226\120\140\047\116\016\124\016\176\355\145\271\124\021}{}% 29
